[8.517s] Invoking command in '/mnt/c/Users/Inteli/Documents/GitHub/Inspectron/src/ROSsimulation/ros2_ws/src/turtlesimulation': PYTHONPATH=/mnt/c/Users/Inteli/Documents/GitHub/Inspectron/src/ROSsimulation/ros2_ws/build/turtlesimulation/prefix_override:/mnt/c/Users/Inteli/Documents/GitHub/Inspectron/src/ROSsimulation/ros2_ws/install/turtlesimulation/lib/python3.10/site-packages:${PYTHONPATH} /usr/bin/python3 setup.py egg_info --egg-base ../../build/turtlesimulation build --build-base /mnt/c/Users/Inteli/Documents/GitHub/Inspectron/src/ROSsimulation/ros2_ws/build/turtlesimulation/build install --record /mnt/c/Users/Inteli/Documents/GitHub/Inspectron/src/ROSsimulation/ros2_ws/build/turtlesimulation/install.log --single-version-externally-managed
[12.267s] running egg_info
[12.292s] writing ../../build/turtlesimulation/turtlesimulation.egg-info/PKG-INFO
[12.329s] writing dependency_links to ../../build/turtlesimulation/turtlesimulation.egg-info/dependency_links.txt
[12.367s] writing entry points to ../../build/turtlesimulation/turtlesimulation.egg-info/entry_points.txt
[12.402s] writing requirements to ../../build/turtlesimulation/turtlesimulation.egg-info/requires.txt
[12.419s] writing top-level names to ../../build/turtlesimulation/turtlesimulation.egg-info/top_level.txt
[12.594s] reading manifest file '../../build/turtlesimulation/turtlesimulation.egg-info/SOURCES.txt'
[12.950s] writing manifest file '../../build/turtlesimulation/turtlesimulation.egg-info/SOURCES.txt'
[12.964s] running build
[12.968s] running build_py
[13.060s] running install
[13.064s] running install_lib
[13.372s] running install_data
[13.509s] running install_egg_info
[13.563s] removing '/mnt/c/Users/Inteli/Documents/GitHub/Inspectron/src/ROSsimulation/ros2_ws/install/turtlesimulation/lib/python3.10/site-packages/turtlesimulation-0.0.0-py3.10.egg-info' (and everything under it)
[13.906s] Copying ../../build/turtlesimulation/turtlesimulation.egg-info to /mnt/c/Users/Inteli/Documents/GitHub/Inspectron/src/ROSsimulation/ros2_ws/install/turtlesimulation/lib/python3.10/site-packages/turtlesimulation-0.0.0-py3.10.egg-info
[15.482s] running install_scripts
[15.797s] Installing route script to /mnt/c/Users/Inteli/Documents/GitHub/Inspectron/src/ROSsimulation/ros2_ws/install/turtlesimulation/lib/turtlesimulation
[15.894s] writing list of installed files to '/mnt/c/Users/Inteli/Documents/GitHub/Inspectron/src/ROSsimulation/ros2_ws/build/turtlesimulation/install.log'
[16.047s] Invoked command in '/mnt/c/Users/Inteli/Documents/GitHub/Inspectron/src/ROSsimulation/ros2_ws/src/turtlesimulation' returned '0': PYTHONPATH=/mnt/c/Users/Inteli/Documents/GitHub/Inspectron/src/ROSsimulation/ros2_ws/build/turtlesimulation/prefix_override:/mnt/c/Users/Inteli/Documents/GitHub/Inspectron/src/ROSsimulation/ros2_ws/install/turtlesimulation/lib/python3.10/site-packages:${PYTHONPATH} /usr/bin/python3 setup.py egg_info --egg-base ../../build/turtlesimulation build --build-base /mnt/c/Users/Inteli/Documents/GitHub/Inspectron/src/ROSsimulation/ros2_ws/build/turtlesimulation/build install --record /mnt/c/Users/Inteli/Documents/GitHub/Inspectron/src/ROSsimulation/ros2_ws/build/turtlesimulation/install.log --single-version-externally-managed
