[0.845s] DEBUG:colcon:Command line arguments: ['/usr/bin/colcon', 'build', '--packages-select', 'turtlesimulation']
[0.846s] DEBUG:colcon:Parsed command line arguments: Namespace(log_base=None, log_level=None, verb_name='build', build_base='build', install_base='install', merge_install=False, symlink_install=False, test_result_base=None, continue_on_error=False, executor='parallel', parallel_workers=8, event_handlers=None, ignore_user_meta=False, metas=['./colcon.meta'], base_paths=['.'], packages_ignore=None, packages_ignore_regex=None, paths=None, packages_up_to=None, packages_up_to_regex=None, packages_above=None, packages_above_and_dependencies=None, packages_above_depth=None, packages_select_by_dep=None, packages_skip_by_dep=None, packages_skip_up_to=None, packages_select_build_failed=False, packages_skip_build_finished=False, packages_select_test_failures=False, packages_skip_test_passed=False, packages_select=['turtlesimulation'], packages_skip=None, packages_select_regex=None, packages_skip_regex=None, packages_start=None, packages_end=None, allow_overriding=[], cmake_args=None, cmake_target=None, cmake_target_skip_unavailable=False, cmake_clean_cache=False, cmake_clean_first=False, cmake_force_configure=False, ament_cmake_args=None, catkin_cmake_args=None, catkin_skip_building_tests=False, verb_parser=<colcon_defaults.argument_parser.defaults.DefaultArgumentsDecorator object at 0x7f20d37923b0>, verb_extension=<colcon_core.verb.build.BuildVerb object at 0x7f20d3791e40>, main=<bound method BuildVerb.main of <colcon_core.verb.build.BuildVerb object at 0x7f20d3791e40>>)
[0.941s] Level 1:colcon.colcon_core.package_discovery:discover_packages(colcon_meta) check parameters
[0.942s] Level 1:colcon.colcon_core.package_discovery:discover_packages(recursive) check parameters
[0.942s] Level 1:colcon.colcon_core.package_discovery:discover_packages(ignore) check parameters
[0.943s] Level 1:colcon.colcon_core.package_discovery:discover_packages(path) check parameters
[0.943s] Level 1:colcon.colcon_core.package_discovery:discover_packages(colcon_meta) discover
[0.943s] Level 1:colcon.colcon_core.package_discovery:discover_packages(recursive) discover
[0.944s] INFO:colcon.colcon_core.package_discovery:Crawling recursively for packages in '/mnt/c/Users/Inteli/Documents/GitHub/Inspectron/src/ROSsimulation/ros2_ws'
[0.947s] Level 1:colcon.colcon_core.package_identification:_identify(.) by extensions ['ignore', 'ignore_ament_install']
[0.947s] Level 1:colcon.colcon_core.package_identification:_identify(.) by extension 'ignore'
[0.948s] Level 1:colcon.colcon_core.package_identification:_identify(.) by extension 'ignore_ament_install'
[0.949s] Level 1:colcon.colcon_core.package_identification:_identify(.) by extensions ['colcon_pkg']
[0.950s] Level 1:colcon.colcon_core.package_identification:_identify(.) by extension 'colcon_pkg'
[0.950s] Level 1:colcon.colcon_core.package_identification:_identify(.) by extensions ['colcon_meta']
[0.951s] Level 1:colcon.colcon_core.package_identification:_identify(.) by extension 'colcon_meta'
[0.951s] Level 1:colcon.colcon_core.package_identification:_identify(.) by extensions ['ros']
[0.951s] Level 1:colcon.colcon_core.package_identification:_identify(.) by extension 'ros'
[0.966s] Level 1:colcon.colcon_core.package_identification:_identify(.) by extensions ['cmake', 'python']
[0.967s] Level 1:colcon.colcon_core.package_identification:_identify(.) by extension 'cmake'
[0.967s] Level 1:colcon.colcon_core.package_identification:_identify(.) by extension 'python'
[0.968s] Level 1:colcon.colcon_core.package_identification:_identify(.) by extensions ['python_setup_py']
[0.969s] Level 1:colcon.colcon_core.package_identification:_identify(.) by extension 'python_setup_py'
[0.974s] Level 1:colcon.colcon_core.package_identification:_identify(build) by extensions ['ignore', 'ignore_ament_install']
[0.974s] Level 1:colcon.colcon_core.package_identification:_identify(build) by extension 'ignore'
[0.977s] Level 1:colcon.colcon_core.package_identification:_identify(build) ignored
[0.982s] Level 1:colcon.colcon_core.package_identification:_identify(install) by extensions ['ignore', 'ignore_ament_install']
[0.983s] Level 1:colcon.colcon_core.package_identification:_identify(install) by extension 'ignore'
[0.985s] Level 1:colcon.colcon_core.package_identification:_identify(install) ignored
[0.993s] Level 1:colcon.colcon_core.package_identification:_identify(log) by extensions ['ignore', 'ignore_ament_install']
[0.993s] Level 1:colcon.colcon_core.package_identification:_identify(log) by extension 'ignore'
[0.995s] Level 1:colcon.colcon_core.package_identification:_identify(log) ignored
[1.000s] Level 1:colcon.colcon_core.package_identification:_identify(src) by extensions ['ignore', 'ignore_ament_install']
[1.000s] Level 1:colcon.colcon_core.package_identification:_identify(src) by extension 'ignore'
[1.002s] Level 1:colcon.colcon_core.package_identification:_identify(src) by extension 'ignore_ament_install'
[1.004s] Level 1:colcon.colcon_core.package_identification:_identify(src) by extensions ['colcon_pkg']
[1.005s] Level 1:colcon.colcon_core.package_identification:_identify(src) by extension 'colcon_pkg'
[1.006s] Level 1:colcon.colcon_core.package_identification:_identify(src) by extensions ['colcon_meta']
[1.007s] Level 1:colcon.colcon_core.package_identification:_identify(src) by extension 'colcon_meta'
[1.009s] Level 1:colcon.colcon_core.package_identification:_identify(src) by extensions ['ros']
[1.009s] Level 1:colcon.colcon_core.package_identification:_identify(src) by extension 'ros'
[1.016s] Level 1:colcon.colcon_core.package_identification:_identify(src) by extensions ['cmake', 'python']
[1.016s] Level 1:colcon.colcon_core.package_identification:_identify(src) by extension 'cmake'
[1.018s] Level 1:colcon.colcon_core.package_identification:_identify(src) by extension 'python'
[1.020s] Level 1:colcon.colcon_core.package_identification:_identify(src) by extensions ['python_setup_py']
[1.020s] Level 1:colcon.colcon_core.package_identification:_identify(src) by extension 'python_setup_py'
[1.029s] Level 1:colcon.colcon_core.package_identification:_identify(src/turtlesimulation) by extensions ['ignore', 'ignore_ament_install']
[1.029s] Level 1:colcon.colcon_core.package_identification:_identify(src/turtlesimulation) by extension 'ignore'
[1.032s] Level 1:colcon.colcon_core.package_identification:_identify(src/turtlesimulation) by extension 'ignore_ament_install'
[1.037s] Level 1:colcon.colcon_core.package_identification:_identify(src/turtlesimulation) by extensions ['colcon_pkg']
[1.037s] Level 1:colcon.colcon_core.package_identification:_identify(src/turtlesimulation) by extension 'colcon_pkg'
[1.039s] Level 1:colcon.colcon_core.package_identification:_identify(src/turtlesimulation) by extensions ['colcon_meta']
[1.040s] Level 1:colcon.colcon_core.package_identification:_identify(src/turtlesimulation) by extension 'colcon_meta'
[1.043s] Level 1:colcon.colcon_core.package_identification:_identify(src/turtlesimulation) by extensions ['ros']
[1.044s] Level 1:colcon.colcon_core.package_identification:_identify(src/turtlesimulation) by extension 'ros'
[1.072s] DEBUG:colcon.colcon_core.package_identification:Package 'src/turtlesimulation' with type 'ros.ament_python' and name 'turtlesimulation'
[1.072s] Level 1:colcon.colcon_core.package_discovery:discover_packages(recursive) using defaults
[1.073s] Level 1:colcon.colcon_core.package_discovery:discover_packages(ignore) discover
[1.073s] Level 1:colcon.colcon_core.package_discovery:discover_packages(ignore) using defaults
[1.073s] Level 1:colcon.colcon_core.package_discovery:discover_packages(path) discover
[1.074s] Level 1:colcon.colcon_core.package_discovery:discover_packages(path) using defaults
[1.173s] Level 1:colcon.colcon_core.package_discovery:discover_packages(prefix_path) check parameters
[1.173s] Level 1:colcon.colcon_core.package_discovery:discover_packages(prefix_path) discover
[1.244s] DEBUG:colcon.colcon_installed_package_information.package_discovery:Found 1 installed packages in /mnt/c/Users/Inteli/Documents/GitHub/Inspectron/src/ROSsimulation/ros2_ws/install
[1.247s] DEBUG:colcon.colcon_installed_package_information.package_discovery:Found 380 installed packages in /opt/ros/humble
[1.249s] Level 1:colcon.colcon_core.package_discovery:discover_packages(prefix_path) using defaults
[1.334s] Level 5:colcon.colcon_core.verb:set package 'turtlesimulation' build argument 'cmake_args' from command line to 'None'
[1.335s] Level 5:colcon.colcon_core.verb:set package 'turtlesimulation' build argument 'cmake_target' from command line to 'None'
[1.335s] Level 5:colcon.colcon_core.verb:set package 'turtlesimulation' build argument 'cmake_target_skip_unavailable' from command line to 'False'
[1.336s] Level 5:colcon.colcon_core.verb:set package 'turtlesimulation' build argument 'cmake_clean_cache' from command line to 'False'
[1.336s] Level 5:colcon.colcon_core.verb:set package 'turtlesimulation' build argument 'cmake_clean_first' from command line to 'False'
[1.337s] Level 5:colcon.colcon_core.verb:set package 'turtlesimulation' build argument 'cmake_force_configure' from command line to 'False'
[1.337s] Level 5:colcon.colcon_core.verb:set package 'turtlesimulation' build argument 'ament_cmake_args' from command line to 'None'
[1.338s] Level 5:colcon.colcon_core.verb:set package 'turtlesimulation' build argument 'catkin_cmake_args' from command line to 'None'
[1.338s] Level 5:colcon.colcon_core.verb:set package 'turtlesimulation' build argument 'catkin_skip_building_tests' from command line to 'False'
[1.339s] DEBUG:colcon.colcon_core.verb:Building package 'turtlesimulation' with the following arguments: {'ament_cmake_args': None, 'build_base': '/mnt/c/Users/Inteli/Documents/GitHub/Inspectron/src/ROSsimulation/ros2_ws/build/turtlesimulation', 'catkin_cmake_args': None, 'catkin_skip_building_tests': False, 'cmake_args': None, 'cmake_clean_cache': False, 'cmake_clean_first': False, 'cmake_force_configure': False, 'cmake_target': None, 'cmake_target_skip_unavailable': False, 'install_base': '/mnt/c/Users/Inteli/Documents/GitHub/Inspectron/src/ROSsimulation/ros2_ws/install/turtlesimulation', 'merge_install': False, 'path': '/mnt/c/Users/Inteli/Documents/GitHub/Inspectron/src/ROSsimulation/ros2_ws/src/turtlesimulation', 'symlink_install': False, 'test_result_base': None}
[1.340s] INFO:colcon.colcon_core.executor:Executing jobs using 'parallel' executor
[1.343s] DEBUG:colcon.colcon_parallel_executor.executor.parallel:run_until_complete
[1.344s] INFO:colcon.colcon_ros.task.ament_python.build:Building ROS package in '/mnt/c/Users/Inteli/Documents/GitHub/Inspectron/src/ROSsimulation/ros2_ws/src/turtlesimulation' with build type 'ament_python'
[1.344s] Level 1:colcon.colcon_core.shell:create_environment_hook('turtlesimulation', 'ament_prefix_path')
[1.359s] INFO:colcon.colcon_core.plugin_system:Skipping extension 'colcon_core.shell.bat': Not used on non-Windows systems
[1.360s] INFO:colcon.colcon_core.shell:Creating environment hook '/mnt/c/Users/Inteli/Documents/GitHub/Inspectron/src/ROSsimulation/ros2_ws/install/turtlesimulation/share/turtlesimulation/hook/ament_prefix_path.ps1'
[1.386s] INFO:colcon.colcon_core.shell:Creating environment descriptor '/mnt/c/Users/Inteli/Documents/GitHub/Inspectron/src/ROSsimulation/ros2_ws/install/turtlesimulation/share/turtlesimulation/hook/ament_prefix_path.dsv'
[1.414s] INFO:colcon.colcon_core.shell:Creating environment hook '/mnt/c/Users/Inteli/Documents/GitHub/Inspectron/src/ROSsimulation/ros2_ws/install/turtlesimulation/share/turtlesimulation/hook/ament_prefix_path.sh'
[1.443s] INFO:colcon.colcon_core.shell:Skip shell extension 'powershell' for command environment: Not usable outside of PowerShell
[1.443s] DEBUG:colcon.colcon_core.shell:Skip shell extension 'dsv' for command environment
[2.536s] INFO:colcon.colcon_core.task.python.build:Building Python package in '/mnt/c/Users/Inteli/Documents/GitHub/Inspectron/src/ROSsimulation/ros2_ws/src/turtlesimulation'
[2.538s] INFO:colcon.colcon_core.shell:Skip shell extension 'powershell' for command environment: Not usable outside of PowerShell
[2.538s] DEBUG:colcon.colcon_core.shell:Skip shell extension 'dsv' for command environment
[4.761s] DEBUG:colcon.colcon_core.event_handler.log_command:Invoking command in '/mnt/c/Users/Inteli/Documents/GitHub/Inspectron/src/ROSsimulation/ros2_ws/src/turtlesimulation': PYTHONPATH=/mnt/c/Users/Inteli/Documents/GitHub/Inspectron/src/ROSsimulation/ros2_ws/build/turtlesimulation/prefix_override:/mnt/c/Users/Inteli/Documents/GitHub/Inspectron/src/ROSsimulation/ros2_ws/install/turtlesimulation/lib/python3.10/site-packages:${PYTHONPATH} /usr/bin/python3 setup.py egg_info --egg-base ../../build/turtlesimulation build --build-base /mnt/c/Users/Inteli/Documents/GitHub/Inspectron/src/ROSsimulation/ros2_ws/build/turtlesimulation/build install --record /mnt/c/Users/Inteli/Documents/GitHub/Inspectron/src/ROSsimulation/ros2_ws/build/turtlesimulation/install.log --single-version-externally-managed
[7.536s] DEBUG:colcon.colcon_core.event_handler.log_command:Invoked command in '/mnt/c/Users/Inteli/Documents/GitHub/Inspectron/src/ROSsimulation/ros2_ws/src/turtlesimulation' returned '0': PYTHONPATH=/mnt/c/Users/Inteli/Documents/GitHub/Inspectron/src/ROSsimulation/ros2_ws/build/turtlesimulation/prefix_override:/mnt/c/Users/Inteli/Documents/GitHub/Inspectron/src/ROSsimulation/ros2_ws/install/turtlesimulation/lib/python3.10/site-packages:${PYTHONPATH} /usr/bin/python3 setup.py egg_info --egg-base ../../build/turtlesimulation build --build-base /mnt/c/Users/Inteli/Documents/GitHub/Inspectron/src/ROSsimulation/ros2_ws/build/turtlesimulation/build install --record /mnt/c/Users/Inteli/Documents/GitHub/Inspectron/src/ROSsimulation/ros2_ws/build/turtlesimulation/install.log --single-version-externally-managed
[7.554s] Level 1:colcon.colcon_core.environment:checking '/mnt/c/Users/Inteli/Documents/GitHub/Inspectron/src/ROSsimulation/ros2_ws/install/turtlesimulation' for CMake module files
[7.658s] Level 1:colcon.colcon_core.environment:checking '/mnt/c/Users/Inteli/Documents/GitHub/Inspectron/src/ROSsimulation/ros2_ws/install/turtlesimulation' for CMake config files
[7.834s] Level 1:colcon.colcon_core.environment:checking '/mnt/c/Users/Inteli/Documents/GitHub/Inspectron/src/ROSsimulation/ros2_ws/install/turtlesimulation/lib'
[7.843s] Level 1:colcon.colcon_core.environment:checking '/mnt/c/Users/Inteli/Documents/GitHub/Inspectron/src/ROSsimulation/ros2_ws/install/turtlesimulation/bin'
[7.846s] Level 1:colcon.colcon_core.environment:checking '/mnt/c/Users/Inteli/Documents/GitHub/Inspectron/src/ROSsimulation/ros2_ws/install/turtlesimulation/lib/pkgconfig/turtlesimulation.pc'
[7.850s] Level 1:colcon.colcon_core.environment:checking '/mnt/c/Users/Inteli/Documents/GitHub/Inspectron/src/ROSsimulation/ros2_ws/install/turtlesimulation/lib/python3.10/site-packages'
[7.856s] Level 1:colcon.colcon_core.shell:create_environment_hook('turtlesimulation', 'pythonpath')
[7.857s] INFO:colcon.colcon_core.shell:Creating environment hook '/mnt/c/Users/Inteli/Documents/GitHub/Inspectron/src/ROSsimulation/ros2_ws/install/turtlesimulation/share/turtlesimulation/hook/pythonpath.ps1'
[7.886s] INFO:colcon.colcon_core.shell:Creating environment descriptor '/mnt/c/Users/Inteli/Documents/GitHub/Inspectron/src/ROSsimulation/ros2_ws/install/turtlesimulation/share/turtlesimulation/hook/pythonpath.dsv'
[7.915s] INFO:colcon.colcon_core.shell:Creating environment hook '/mnt/c/Users/Inteli/Documents/GitHub/Inspectron/src/ROSsimulation/ros2_ws/install/turtlesimulation/share/turtlesimulation/hook/pythonpath.sh'
[7.945s] Level 1:colcon.colcon_core.environment:checking '/mnt/c/Users/Inteli/Documents/GitHub/Inspectron/src/ROSsimulation/ros2_ws/install/turtlesimulation/bin'
[7.948s] Level 1:colcon.colcon_core.environment:create_environment_scripts_only(turtlesimulation)
[7.950s] INFO:colcon.colcon_core.shell:Creating package script '/mnt/c/Users/Inteli/Documents/GitHub/Inspectron/src/ROSsimulation/ros2_ws/install/turtlesimulation/share/turtlesimulation/package.ps1'
[7.977s] INFO:colcon.colcon_core.shell:Creating package descriptor '/mnt/c/Users/Inteli/Documents/GitHub/Inspectron/src/ROSsimulation/ros2_ws/install/turtlesimulation/share/turtlesimulation/package.dsv'
[8.002s] INFO:colcon.colcon_core.shell:Creating package script '/mnt/c/Users/Inteli/Documents/GitHub/Inspectron/src/ROSsimulation/ros2_ws/install/turtlesimulation/share/turtlesimulation/package.sh'
[8.027s] INFO:colcon.colcon_core.shell:Creating package script '/mnt/c/Users/Inteli/Documents/GitHub/Inspectron/src/ROSsimulation/ros2_ws/install/turtlesimulation/share/turtlesimulation/package.bash'
[8.052s] INFO:colcon.colcon_core.shell:Creating package script '/mnt/c/Users/Inteli/Documents/GitHub/Inspectron/src/ROSsimulation/ros2_ws/install/turtlesimulation/share/turtlesimulation/package.zsh'
[8.077s] Level 1:colcon.colcon_core.environment:create_file_with_runtime_dependencies(/mnt/c/Users/Inteli/Documents/GitHub/Inspectron/src/ROSsimulation/ros2_ws/install/turtlesimulation/share/colcon-core/packages/turtlesimulation)
[8.097s] DEBUG:colcon.colcon_parallel_executor.executor.parallel:closing loop
[8.098s] DEBUG:colcon.colcon_parallel_executor.executor.parallel:loop closed
[8.099s] DEBUG:colcon.colcon_parallel_executor.executor.parallel:run_until_complete finished with '0'
[8.099s] DEBUG:colcon.colcon_core.event_reactor:joining thread
[8.163s] INFO:colcon.colcon_core.plugin_system:Skipping extension 'colcon_notification.desktop_notification.notify_send': Could not find 'notify-send'
[8.164s] INFO:colcon.colcon_core.plugin_system:Skipping extension 'colcon_notification.desktop_notification.terminal_notifier': Not used on non-Darwin systems
[8.164s] INFO:colcon.colcon_core.plugin_system:Skipping extension 'colcon_notification.desktop_notification.win32': Not used on non-Windows systems
[8.165s] INFO:colcon.colcon_notification.desktop_notification:Sending desktop notification using 'notify2'
[8.165s] DEBUG:colcon.colcon_notification.desktop_notification.notify2:Failed to initialize notify2: org.freedesktop.DBus.Error.FileNotFound: Failed to connect to socket /run/user/1000/bus: No such file or directory
[8.166s] DEBUG:colcon.colcon_core.event_reactor:joined thread
[8.167s] INFO:colcon.colcon_core.shell:Creating prefix script '/mnt/c/Users/Inteli/Documents/GitHub/Inspectron/src/ROSsimulation/ros2_ws/install/local_setup.ps1'
[8.181s] INFO:colcon.colcon_core.shell:Creating prefix util module '/mnt/c/Users/Inteli/Documents/GitHub/Inspectron/src/ROSsimulation/ros2_ws/install/_local_setup_util_ps1.py'
[8.193s] INFO:colcon.colcon_core.shell:Creating prefix chain script '/mnt/c/Users/Inteli/Documents/GitHub/Inspectron/src/ROSsimulation/ros2_ws/install/setup.ps1'
[8.221s] INFO:colcon.colcon_core.shell:Creating prefix script '/mnt/c/Users/Inteli/Documents/GitHub/Inspectron/src/ROSsimulation/ros2_ws/install/local_setup.sh'
[8.234s] INFO:colcon.colcon_core.shell:Creating prefix util module '/mnt/c/Users/Inteli/Documents/GitHub/Inspectron/src/ROSsimulation/ros2_ws/install/_local_setup_util_sh.py'
[8.248s] INFO:colcon.colcon_core.shell:Creating prefix chain script '/mnt/c/Users/Inteli/Documents/GitHub/Inspectron/src/ROSsimulation/ros2_ws/install/setup.sh'
[8.274s] INFO:colcon.colcon_core.shell:Creating prefix script '/mnt/c/Users/Inteli/Documents/GitHub/Inspectron/src/ROSsimulation/ros2_ws/install/local_setup.bash'
[8.289s] INFO:colcon.colcon_core.shell:Creating prefix chain script '/mnt/c/Users/Inteli/Documents/GitHub/Inspectron/src/ROSsimulation/ros2_ws/install/setup.bash'
[8.317s] INFO:colcon.colcon_core.shell:Creating prefix script '/mnt/c/Users/Inteli/Documents/GitHub/Inspectron/src/ROSsimulation/ros2_ws/install/local_setup.zsh'
[8.328s] INFO:colcon.colcon_core.shell:Creating prefix chain script '/mnt/c/Users/Inteli/Documents/GitHub/Inspectron/src/ROSsimulation/ros2_ws/install/setup.zsh'
