[3.406s] Invoking command in '/mnt/c/Users/Inteli/Documents/GitHub/Inspectron/src/ROSsimulation/ros2_ws/src/turtlesimulation': PYTHONPATH=/mnt/c/Users/Inteli/Documents/GitHub/Inspectron/src/ROSsimulation/ros2_ws/build/turtlesimulation/prefix_override:/mnt/c/Users/Inteli/Documents/GitHub/Inspectron/src/ROSsimulation/ros2_ws/install/turtlesimulation/lib/python3.10/site-packages:${PYTHONPATH} /usr/bin/python3 setup.py egg_info --egg-base ../../build/turtlesimulation build --build-base /mnt/c/Users/Inteli/Documents/GitHub/Inspectron/src/ROSsimulation/ros2_ws/build/turtlesimulation/build install --record /mnt/c/Users/Inteli/Documents/GitHub/Inspectron/src/ROSsimulation/ros2_ws/build/turtlesimulation/install.log --single-version-externally-managed
[4.815s] running egg_info
[4.824s] writing ../../build/turtlesimulation/turtlesimulation.egg-info/PKG-INFO
[4.839s] writing dependency_links to ../../build/turtlesimulation/turtlesimulation.egg-info/dependency_links.txt
[4.854s] writing entry points to ../../build/turtlesimulation/turtlesimulation.egg-info/entry_points.txt
[4.869s] writing requirements to ../../build/turtlesimulation/turtlesimulation.egg-info/requires.txt
[4.880s] writing top-level names to ../../build/turtlesimulation/turtlesimulation.egg-info/top_level.txt
[4.952s] reading manifest file '../../build/turtlesimulation/turtlesimulation.egg-info/SOURCES.txt'
[5.094s] writing manifest file '../../build/turtlesimulation/turtlesimulation.egg-info/SOURCES.txt'
[5.100s] running build
[5.102s] running build_py
[5.138s] running install
[5.139s] running install_lib
[5.262s] running install_data
[5.315s] running install_egg_info
[5.335s] removing '/mnt/c/Users/Inteli/Documents/GitHub/Inspectron/src/ROSsimulation/ros2_ws/install/turtlesimulation/lib/python3.10/site-packages/turtlesimulation-0.0.0-py3.10.egg-info' (and everything under it)
[5.462s] Copying ../../build/turtlesimulation/turtlesimulation.egg-info to /mnt/c/Users/Inteli/Documents/GitHub/Inspectron/src/ROSsimulation/ros2_ws/install/turtlesimulation/lib/python3.10/site-packages/turtlesimulation-0.0.0-py3.10.egg-info
[6.006s] running install_scripts
[6.125s] Installing route script to /mnt/c/Users/Inteli/Documents/GitHub/Inspectron/src/ROSsimulation/ros2_ws/install/turtlesimulation/lib/turtlesimulation
[6.152s] writing list of installed files to '/mnt/c/Users/Inteli/Documents/GitHub/Inspectron/src/ROSsimulation/ros2_ws/build/turtlesimulation/install.log'
[6.183s] Invoked command in '/mnt/c/Users/Inteli/Documents/GitHub/Inspectron/src/ROSsimulation/ros2_ws/src/turtlesimulation' returned '0': PYTHONPATH=/mnt/c/Users/Inteli/Documents/GitHub/Inspectron/src/ROSsimulation/ros2_ws/build/turtlesimulation/prefix_override:/mnt/c/Users/Inteli/Documents/GitHub/Inspectron/src/ROSsimulation/ros2_ws/install/turtlesimulation/lib/python3.10/site-packages:${PYTHONPATH} /usr/bin/python3 setup.py egg_info --egg-base ../../build/turtlesimulation build --build-base /mnt/c/Users/Inteli/Documents/GitHub/Inspectron/src/ROSsimulation/ros2_ws/build/turtlesimulation/build install --record /mnt/c/Users/Inteli/Documents/GitHub/Inspectron/src/ROSsimulation/ros2_ws/build/turtlesimulation/install.log --single-version-externally-managed
