running egg_info
creating ../../build/turtlesimulation/turtlesimulation.egg-info
writing ../../build/turtlesimulation/turtlesimulation.egg-info/PKG-INFO
writing dependency_links to ../../build/turtlesimulation/turtlesimulation.egg-info/dependency_links.txt
writing entry points to ../../build/turtlesimulation/turtlesimulation.egg-info/entry_points.txt
writing requirements to ../../build/turtlesimulation/turtlesimulation.egg-info/requires.txt
writing top-level names to ../../build/turtlesimulation/turtlesimulation.egg-info/top_level.txt
writing manifest file '../../build/turtlesimulation/turtlesimulation.egg-info/SOURCES.txt'
reading manifest file '../../build/turtlesimulation/turtlesimulation.egg-info/SOURCES.txt'
writing manifest file '../../build/turtlesimulation/turtlesimulation.egg-info/SOURCES.txt'
running build
running build_py
creating /mnt/c/Users/Inteli/Documents/GitHub/Inspectron/src/ROSsimulation/ros2_ws/build/turtlesimulation/build
creating /mnt/c/Users/Inteli/Documents/GitHub/Inspectron/src/ROSsimulation/ros2_ws/build/turtlesimulation/build/lib
creating /mnt/c/Users/Inteli/Documents/GitHub/Inspectron/src/ROSsimulation/ros2_ws/build/turtlesimulation/build/lib/turtlesimulation
copying turtlesimulation/__init__.py -> /mnt/c/Users/Inteli/Documents/GitHub/Inspectron/src/ROSsimulation/ros2_ws/build/turtlesimulation/build/lib/turtlesimulation
running install
running install_lib
creating /mnt/c/Users/Inteli/Documents/GitHub/Inspectron/src/ROSsimulation/ros2_ws/install/turtlesimulation/lib/python3.10/site-packages/turtlesimulation
copying /mnt/c/Users/Inteli/Documents/GitHub/Inspectron/src/ROSsimulation/ros2_ws/build/turtlesimulation/build/lib/turtlesimulation/__init__.py -> /mnt/c/Users/Inteli/Documents/GitHub/Inspectron/src/ROSsimulation/ros2_ws/install/turtlesimulation/lib/python3.10/site-packages/turtlesimulation
byte-compiling /mnt/c/Users/Inteli/Documents/GitHub/Inspectron/src/ROSsimulation/ros2_ws/install/turtlesimulation/lib/python3.10/site-packages/turtlesimulation/__init__.py to __init__.cpython-310.pyc
running install_data
creating /mnt/c/Users/Inteli/Documents/GitHub/Inspectron/src/ROSsimulation/ros2_ws/install/turtlesimulation/share/ament_index
creating /mnt/c/Users/Inteli/Documents/GitHub/Inspectron/src/ROSsimulation/ros2_ws/install/turtlesimulation/share/ament_index/resource_index
creating /mnt/c/Users/Inteli/Documents/GitHub/Inspectron/src/ROSsimulation/ros2_ws/install/turtlesimulation/share/ament_index/resource_index/packages
copying resource/turtlesimulation -> /mnt/c/Users/Inteli/Documents/GitHub/Inspectron/src/ROSsimulation/ros2_ws/install/turtlesimulation/share/ament_index/resource_index/packages
copying package.xml -> /mnt/c/Users/Inteli/Documents/GitHub/Inspectron/src/ROSsimulation/ros2_ws/install/turtlesimulation/share/turtlesimulation
running install_egg_info
Copying ../../build/turtlesimulation/turtlesimulation.egg-info to /mnt/c/Users/Inteli/Documents/GitHub/Inspectron/src/ROSsimulation/ros2_ws/install/turtlesimulation/lib/python3.10/site-packages/turtlesimulation-0.0.0-py3.10.egg-info
running install_scripts
Installing route script to /mnt/c/Users/Inteli/Documents/GitHub/Inspectron/src/ROSsimulation/ros2_ws/install/turtlesimulation/lib/turtlesimulation
writing list of installed files to '/mnt/c/Users/Inteli/Documents/GitHub/Inspectron/src/ROSsimulation/ros2_ws/build/turtlesimulation/install.log'
