[2.303s] Invoking command in '/mnt/c/Users/Inteli/Documents/GitHub/Inspectron/src/ROSsimulation/ros2_ws/src/turtlesimulation': PYTHONPATH=/mnt/c/Users/Inteli/Documents/GitHub/Inspectron/src/ROSsimulation/ros2_ws/build/turtlesimulation/prefix_override:/mnt/c/Users/Inteli/Documents/GitHub/Inspectron/src/ROSsimulation/ros2_ws/install/turtlesimulation/lib/python3.10/site-packages:${PYTHONPATH} /usr/bin/python3 setup.py egg_info --egg-base ../../build/turtlesimulation build --build-base /mnt/c/Users/Inteli/Documents/GitHub/Inspectron/src/ROSsimulation/ros2_ws/build/turtlesimulation/build install --record /mnt/c/Users/Inteli/Documents/GitHub/Inspectron/src/ROSsimulation/ros2_ws/build/turtlesimulation/install.log --single-version-externally-managed
[3.480s] running egg_info
[3.487s] creating ../../build/turtlesimulation/turtlesimulation.egg-info
[3.497s] writing ../../build/turtlesimulation/turtlesimulation.egg-info/PKG-INFO
[3.517s] writing dependency_links to ../../build/turtlesimulation/turtlesimulation.egg-info/dependency_links.txt
[3.529s] writing entry points to ../../build/turtlesimulation/turtlesimulation.egg-info/entry_points.txt
[3.539s] writing requirements to ../../build/turtlesimulation/turtlesimulation.egg-info/requires.txt
[3.548s] writing top-level names to ../../build/turtlesimulation/turtlesimulation.egg-info/top_level.txt
[3.568s] writing manifest file '../../build/turtlesimulation/turtlesimulation.egg-info/SOURCES.txt'
[3.616s] reading manifest file '../../build/turtlesimulation/turtlesimulation.egg-info/SOURCES.txt'
[3.723s] writing manifest file '../../build/turtlesimulation/turtlesimulation.egg-info/SOURCES.txt'
[3.731s] running build
[3.733s] running build_py
[3.743s] creating /mnt/c/Users/Inteli/Documents/GitHub/Inspectron/src/ROSsimulation/ros2_ws/build/turtlesimulation/build
[3.747s] creating /mnt/c/Users/Inteli/Documents/GitHub/Inspectron/src/ROSsimulation/ros2_ws/build/turtlesimulation/build/lib
[3.752s] creating /mnt/c/Users/Inteli/Documents/GitHub/Inspectron/src/ROSsimulation/ros2_ws/build/turtlesimulation/build/lib/turtlesimulation
[3.771s] copying turtlesimulation/__init__.py -> /mnt/c/Users/Inteli/Documents/GitHub/Inspectron/src/ROSsimulation/ros2_ws/build/turtlesimulation/build/lib/turtlesimulation
[3.803s] running install
[3.805s] running install_lib
[3.848s] creating /mnt/c/Users/Inteli/Documents/GitHub/Inspectron/src/ROSsimulation/ros2_ws/install/turtlesimulation/lib/python3.10/site-packages/turtlesimulation
[3.882s] copying /mnt/c/Users/Inteli/Documents/GitHub/Inspectron/src/ROSsimulation/ros2_ws/build/turtlesimulation/build/lib/turtlesimulation/__init__.py -> /mnt/c/Users/Inteli/Documents/GitHub/Inspectron/src/ROSsimulation/ros2_ws/install/turtlesimulation/lib/python3.10/site-packages/turtlesimulation
[3.956s] byte-compiling /mnt/c/Users/Inteli/Documents/GitHub/Inspectron/src/ROSsimulation/ros2_ws/install/turtlesimulation/lib/python3.10/site-packages/turtlesimulation/__init__.py to __init__.cpython-310.pyc
[4.026s] running install_data
[4.043s] creating /mnt/c/Users/Inteli/Documents/GitHub/Inspectron/src/ROSsimulation/ros2_ws/install/turtlesimulation/share/ament_index
[4.048s] creating /mnt/c/Users/Inteli/Documents/GitHub/Inspectron/src/ROSsimulation/ros2_ws/install/turtlesimulation/share/ament_index/resource_index
[4.054s] creating /mnt/c/Users/Inteli/Documents/GitHub/Inspectron/src/ROSsimulation/ros2_ws/install/turtlesimulation/share/ament_index/resource_index/packages
[4.076s] copying resource/turtlesimulation -> /mnt/c/Users/Inteli/Documents/GitHub/Inspectron/src/ROSsimulation/ros2_ws/install/turtlesimulation/share/ament_index/resource_index/packages
[4.124s] copying package.xml -> /mnt/c/Users/Inteli/Documents/GitHub/Inspectron/src/ROSsimulation/ros2_ws/install/turtlesimulation/share/turtlesimulation
[4.150s] running install_egg_info
[4.185s] Copying ../../build/turtlesimulation/turtlesimulation.egg-info to /mnt/c/Users/Inteli/Documents/GitHub/Inspectron/src/ROSsimulation/ros2_ws/install/turtlesimulation/lib/python3.10/site-packages/turtlesimulation-0.0.0-py3.10.egg-info
[4.697s] running install_scripts
[4.803s] Installing route script to /mnt/c/Users/Inteli/Documents/GitHub/Inspectron/src/ROSsimulation/ros2_ws/install/turtlesimulation/lib/turtlesimulation
[4.826s] writing list of installed files to '/mnt/c/Users/Inteli/Documents/GitHub/Inspectron/src/ROSsimulation/ros2_ws/build/turtlesimulation/install.log'
[4.857s] Invoked command in '/mnt/c/Users/Inteli/Documents/GitHub/Inspectron/src/ROSsimulation/ros2_ws/src/turtlesimulation' returned '0': PYTHONPATH=/mnt/c/Users/Inteli/Documents/GitHub/Inspectron/src/ROSsimulation/ros2_ws/build/turtlesimulation/prefix_override:/mnt/c/Users/Inteli/Documents/GitHub/Inspectron/src/ROSsimulation/ros2_ws/install/turtlesimulation/lib/python3.10/site-packages:${PYTHONPATH} /usr/bin/python3 setup.py egg_info --egg-base ../../build/turtlesimulation build --build-base /mnt/c/Users/Inteli/Documents/GitHub/Inspectron/src/ROSsimulation/ros2_ws/build/turtlesimulation/build install --record /mnt/c/Users/Inteli/Documents/GitHub/Inspectron/src/ROSsimulation/ros2_ws/build/turtlesimulation/install.log --single-version-externally-managed
