[8.408s] Invoking command in '/mnt/c/Users/Inteli/Documents/GitHub/Inspectron/src/ROSsimulation/ros2_ws/src/turtlesimulation': PYTHONPATH=/mnt/c/Users/Inteli/Documents/GitHub/Inspectron/src/ROSsimulation/ros2_ws/build/turtlesimulation/prefix_override:/mnt/c/Users/Inteli/Documents/GitHub/Inspectron/src/ROSsimulation/ros2_ws/install/turtlesimulation/lib/python3.10/site-packages:${PYTHONPATH} /usr/bin/python3 setup.py egg_info --egg-base ../../build/turtlesimulation build --build-base /mnt/c/Users/Inteli/Documents/GitHub/Inspectron/src/ROSsimulation/ros2_ws/build/turtlesimulation/build install --record /mnt/c/Users/Inteli/Documents/GitHub/Inspectron/src/ROSsimulation/ros2_ws/build/turtlesimulation/install.log --single-version-externally-managed
[11.965s] running egg_info
[11.986s] writing ../../build/turtlesimulation/turtlesimulation.egg-info/PKG-INFO
[12.030s] writing dependency_links to ../../build/turtlesimulation/turtlesimulation.egg-info/dependency_links.txt
[12.067s] writing entry points to ../../build/turtlesimulation/turtlesimulation.egg-info/entry_points.txt
[12.098s] writing requirements to ../../build/turtlesimulation/turtlesimulation.egg-info/requires.txt
[12.123s] writing top-level names to ../../build/turtlesimulation/turtlesimulation.egg-info/top_level.txt
[12.320s] reading manifest file '../../build/turtlesimulation/turtlesimulation.egg-info/SOURCES.txt'
[12.696s] writing manifest file '../../build/turtlesimulation/turtlesimulation.egg-info/SOURCES.txt'
[12.712s] running build
[12.715s] running build_py
[12.797s] copying turtlesimulation/__init__.py -> /mnt/c/Users/Inteli/Documents/GitHub/Inspectron/src/ROSsimulation/ros2_ws/build/turtlesimulation/build/lib/turtlesimulation
[12.879s] running install
[12.886s] running install_lib
[13.102s] copying /mnt/c/Users/Inteli/Documents/GitHub/Inspectron/src/ROSsimulation/ros2_ws/build/turtlesimulation/build/lib/turtlesimulation/__init__.py -> /mnt/c/Users/Inteli/Documents/GitHub/Inspectron/src/ROSsimulation/ros2_ws/install/turtlesimulation/lib/python3.10/site-packages/turtlesimulation
[13.351s] byte-compiling /mnt/c/Users/Inteli/Documents/GitHub/Inspectron/src/ROSsimulation/ros2_ws/install/turtlesimulation/lib/python3.10/site-packages/turtlesimulation/__init__.py to __init__.cpython-310.pyc
[13.555s] running install_data
[13.699s] running install_egg_info
[13.754s] removing '/mnt/c/Users/Inteli/Documents/GitHub/Inspectron/src/ROSsimulation/ros2_ws/install/turtlesimulation/lib/python3.10/site-packages/turtlesimulation-0.0.0-py3.10.egg-info' (and everything under it)
[14.058s] Copying ../../build/turtlesimulation/turtlesimulation.egg-info to /mnt/c/Users/Inteli/Documents/GitHub/Inspectron/src/ROSsimulation/ros2_ws/install/turtlesimulation/lib/python3.10/site-packages/turtlesimulation-0.0.0-py3.10.egg-info
[15.423s] running install_scripts
[15.713s] Installing route script to /mnt/c/Users/Inteli/Documents/GitHub/Inspectron/src/ROSsimulation/ros2_ws/install/turtlesimulation/lib/turtlesimulation
[15.788s] writing list of installed files to '/mnt/c/Users/Inteli/Documents/GitHub/Inspectron/src/ROSsimulation/ros2_ws/build/turtlesimulation/install.log'
[15.883s] Invoked command in '/mnt/c/Users/Inteli/Documents/GitHub/Inspectron/src/ROSsimulation/ros2_ws/src/turtlesimulation' returned '0': PYTHONPATH=/mnt/c/Users/Inteli/Documents/GitHub/Inspectron/src/ROSsimulation/ros2_ws/build/turtlesimulation/prefix_override:/mnt/c/Users/Inteli/Documents/GitHub/Inspectron/src/ROSsimulation/ros2_ws/install/turtlesimulation/lib/python3.10/site-packages:${PYTHONPATH} /usr/bin/python3 setup.py egg_info --egg-base ../../build/turtlesimulation build --build-base /mnt/c/Users/Inteli/Documents/GitHub/Inspectron/src/ROSsimulation/ros2_ws/build/turtlesimulation/build install --record /mnt/c/Users/Inteli/Documents/GitHub/Inspectron/src/ROSsimulation/ros2_ws/build/turtlesimulation/install.log --single-version-externally-managed
