[2.160s] DEBUG:colcon:Command line arguments: ['/usr/bin/colcon', 'build', '--packages-select', 'turtlesimulation']
[2.161s] DEBUG:colcon:Parsed command line arguments: Namespace(log_base=None, log_level=None, verb_name='build', build_base='build', install_base='install', merge_install=False, symlink_install=False, test_result_base=None, continue_on_error=False, executor='parallel', parallel_workers=8, event_handlers=None, ignore_user_meta=False, metas=['./colcon.meta'], base_paths=['.'], packages_ignore=None, packages_ignore_regex=None, paths=None, packages_up_to=None, packages_up_to_regex=None, packages_above=None, packages_above_and_dependencies=None, packages_above_depth=None, packages_select_by_dep=None, packages_skip_by_dep=None, packages_skip_up_to=None, packages_select_build_failed=False, packages_skip_build_finished=False, packages_select_test_failures=False, packages_skip_test_passed=False, packages_select=['turtlesimulation'], packages_skip=None, packages_select_regex=None, packages_skip_regex=None, packages_start=None, packages_end=None, allow_overriding=[], cmake_args=None, cmake_target=None, cmake_target_skip_unavailable=False, cmake_clean_cache=False, cmake_clean_first=False, cmake_force_configure=False, ament_cmake_args=None, catkin_cmake_args=None, catkin_skip_building_tests=False, verb_parser=<colcon_defaults.argument_parser.defaults.DefaultArgumentsDecorator object at 0x7f1ea9596440>, verb_extension=<colcon_core.verb.build.BuildVerb object at 0x7f1ea9595ed0>, main=<bound method BuildVerb.main of <colcon_core.verb.build.BuildVerb object at 0x7f1ea9595ed0>>)
[2.426s] Level 1:colcon.colcon_core.package_discovery:discover_packages(colcon_meta) check parameters
[2.428s] Level 1:colcon.colcon_core.package_discovery:discover_packages(recursive) check parameters
[2.431s] Level 1:colcon.colcon_core.package_discovery:discover_packages(ignore) check parameters
[2.433s] Level 1:colcon.colcon_core.package_discovery:discover_packages(path) check parameters
[2.434s] Level 1:colcon.colcon_core.package_discovery:discover_packages(colcon_meta) discover
[2.437s] Level 1:colcon.colcon_core.package_discovery:discover_packages(recursive) discover
[2.439s] INFO:colcon.colcon_core.package_discovery:Crawling recursively for packages in '/mnt/c/Users/Inteli/Documents/GitHub/Inspectron/src/ROSsimulation/ros2_ws'
[2.452s] Level 1:colcon.colcon_core.package_identification:_identify(.) by extensions ['ignore', 'ignore_ament_install']
[2.453s] Level 1:colcon.colcon_core.package_identification:_identify(.) by extension 'ignore'
[2.456s] Level 1:colcon.colcon_core.package_identification:_identify(.) by extension 'ignore_ament_install'
[2.462s] Level 1:colcon.colcon_core.package_identification:_identify(.) by extensions ['colcon_pkg']
[2.464s] Level 1:colcon.colcon_core.package_identification:_identify(.) by extension 'colcon_pkg'
[2.465s] Level 1:colcon.colcon_core.package_identification:_identify(.) by extensions ['colcon_meta']
[2.466s] Level 1:colcon.colcon_core.package_identification:_identify(.) by extension 'colcon_meta'
[2.467s] Level 1:colcon.colcon_core.package_identification:_identify(.) by extensions ['ros']
[2.469s] Level 1:colcon.colcon_core.package_identification:_identify(.) by extension 'ros'
[2.517s] Level 1:colcon.colcon_core.package_identification:_identify(.) by extensions ['cmake', 'python']
[2.518s] Level 1:colcon.colcon_core.package_identification:_identify(.) by extension 'cmake'
[2.520s] Level 1:colcon.colcon_core.package_identification:_identify(.) by extension 'python'
[2.521s] Level 1:colcon.colcon_core.package_identification:_identify(.) by extensions ['python_setup_py']
[2.522s] Level 1:colcon.colcon_core.package_identification:_identify(.) by extension 'python_setup_py'
[2.536s] Level 1:colcon.colcon_core.package_identification:_identify(build) by extensions ['ignore', 'ignore_ament_install']
[2.538s] Level 1:colcon.colcon_core.package_identification:_identify(build) by extension 'ignore'
[2.546s] Level 1:colcon.colcon_core.package_identification:_identify(build) ignored
[2.561s] Level 1:colcon.colcon_core.package_identification:_identify(install) by extensions ['ignore', 'ignore_ament_install']
[2.563s] Level 1:colcon.colcon_core.package_identification:_identify(install) by extension 'ignore'
[2.571s] Level 1:colcon.colcon_core.package_identification:_identify(install) ignored
[2.594s] Level 1:colcon.colcon_core.package_identification:_identify(log) by extensions ['ignore', 'ignore_ament_install']
[2.595s] Level 1:colcon.colcon_core.package_identification:_identify(log) by extension 'ignore'
[2.600s] Level 1:colcon.colcon_core.package_identification:_identify(log) ignored
[2.616s] Level 1:colcon.colcon_core.package_identification:_identify(src) by extensions ['ignore', 'ignore_ament_install']
[2.618s] Level 1:colcon.colcon_core.package_identification:_identify(src) by extension 'ignore'
[2.621s] Level 1:colcon.colcon_core.package_identification:_identify(src) by extension 'ignore_ament_install'
[2.628s] Level 1:colcon.colcon_core.package_identification:_identify(src) by extensions ['colcon_pkg']
[2.629s] Level 1:colcon.colcon_core.package_identification:_identify(src) by extension 'colcon_pkg'
[2.634s] Level 1:colcon.colcon_core.package_identification:_identify(src) by extensions ['colcon_meta']
[2.636s] Level 1:colcon.colcon_core.package_identification:_identify(src) by extension 'colcon_meta'
[2.642s] Level 1:colcon.colcon_core.package_identification:_identify(src) by extensions ['ros']
[2.644s] Level 1:colcon.colcon_core.package_identification:_identify(src) by extension 'ros'
[2.659s] Level 1:colcon.colcon_core.package_identification:_identify(src) by extensions ['cmake', 'python']
[2.660s] Level 1:colcon.colcon_core.package_identification:_identify(src) by extension 'cmake'
[2.662s] Level 1:colcon.colcon_core.package_identification:_identify(src) by extension 'python'
[2.666s] Level 1:colcon.colcon_core.package_identification:_identify(src) by extensions ['python_setup_py']
[2.667s] Level 1:colcon.colcon_core.package_identification:_identify(src) by extension 'python_setup_py'
[2.695s] Level 1:colcon.colcon_core.package_identification:_identify(src/turtlesimulation) by extensions ['ignore', 'ignore_ament_install']
[2.696s] Level 1:colcon.colcon_core.package_identification:_identify(src/turtlesimulation) by extension 'ignore'
[2.704s] Level 1:colcon.colcon_core.package_identification:_identify(src/turtlesimulation) by extension 'ignore_ament_install'
[2.717s] Level 1:colcon.colcon_core.package_identification:_identify(src/turtlesimulation) by extensions ['colcon_pkg']
[2.718s] Level 1:colcon.colcon_core.package_identification:_identify(src/turtlesimulation) by extension 'colcon_pkg'
[2.723s] Level 1:colcon.colcon_core.package_identification:_identify(src/turtlesimulation) by extensions ['colcon_meta']
[2.724s] Level 1:colcon.colcon_core.package_identification:_identify(src/turtlesimulation) by extension 'colcon_meta'
[2.734s] Level 1:colcon.colcon_core.package_identification:_identify(src/turtlesimulation) by extensions ['ros']
[2.737s] Level 1:colcon.colcon_core.package_identification:_identify(src/turtlesimulation) by extension 'ros'
[2.818s] DEBUG:colcon.colcon_core.package_identification:Package 'src/turtlesimulation' with type 'ros.ament_python' and name 'turtlesimulation'
[2.822s] Level 1:colcon.colcon_core.package_discovery:discover_packages(recursive) using defaults
[2.825s] Level 1:colcon.colcon_core.package_discovery:discover_packages(ignore) discover
[2.827s] Level 1:colcon.colcon_core.package_discovery:discover_packages(ignore) using defaults
[2.828s] Level 1:colcon.colcon_core.package_discovery:discover_packages(path) discover
[2.829s] Level 1:colcon.colcon_core.package_discovery:discover_packages(path) using defaults
[3.099s] Level 1:colcon.colcon_core.package_discovery:discover_packages(prefix_path) check parameters
[3.100s] Level 1:colcon.colcon_core.package_discovery:discover_packages(prefix_path) discover
[3.289s] DEBUG:colcon.colcon_installed_package_information.package_discovery:Found 1 installed packages in /mnt/c/Users/Inteli/Documents/GitHub/Inspectron/src/ROSsimulation/ros2_ws/install
[3.296s] DEBUG:colcon.colcon_installed_package_information.package_discovery:Found 380 installed packages in /opt/ros/humble
[3.301s] Level 1:colcon.colcon_core.package_discovery:discover_packages(prefix_path) using defaults
[3.494s] Level 5:colcon.colcon_core.verb:set package 'turtlesimulation' build argument 'cmake_args' from command line to 'None'
[3.496s] Level 5:colcon.colcon_core.verb:set package 'turtlesimulation' build argument 'cmake_target' from command line to 'None'
[3.498s] Level 5:colcon.colcon_core.verb:set package 'turtlesimulation' build argument 'cmake_target_skip_unavailable' from command line to 'False'
[3.499s] Level 5:colcon.colcon_core.verb:set package 'turtlesimulation' build argument 'cmake_clean_cache' from command line to 'False'
[3.500s] Level 5:colcon.colcon_core.verb:set package 'turtlesimulation' build argument 'cmake_clean_first' from command line to 'False'
[3.501s] Level 5:colcon.colcon_core.verb:set package 'turtlesimulation' build argument 'cmake_force_configure' from command line to 'False'
[3.502s] Level 5:colcon.colcon_core.verb:set package 'turtlesimulation' build argument 'ament_cmake_args' from command line to 'None'
[3.503s] Level 5:colcon.colcon_core.verb:set package 'turtlesimulation' build argument 'catkin_cmake_args' from command line to 'None'
[3.504s] Level 5:colcon.colcon_core.verb:set package 'turtlesimulation' build argument 'catkin_skip_building_tests' from command line to 'False'
[3.505s] DEBUG:colcon.colcon_core.verb:Building package 'turtlesimulation' with the following arguments: {'ament_cmake_args': None, 'build_base': '/mnt/c/Users/Inteli/Documents/GitHub/Inspectron/src/ROSsimulation/ros2_ws/build/turtlesimulation', 'catkin_cmake_args': None, 'catkin_skip_building_tests': False, 'cmake_args': None, 'cmake_clean_cache': False, 'cmake_clean_first': False, 'cmake_force_configure': False, 'cmake_target': None, 'cmake_target_skip_unavailable': False, 'install_base': '/mnt/c/Users/Inteli/Documents/GitHub/Inspectron/src/ROSsimulation/ros2_ws/install/turtlesimulation', 'merge_install': False, 'path': '/mnt/c/Users/Inteli/Documents/GitHub/Inspectron/src/ROSsimulation/ros2_ws/src/turtlesimulation', 'symlink_install': False, 'test_result_base': None}
[3.508s] INFO:colcon.colcon_core.executor:Executing jobs using 'parallel' executor
[3.513s] DEBUG:colcon.colcon_parallel_executor.executor.parallel:run_until_complete
[3.517s] INFO:colcon.colcon_ros.task.ament_python.build:Building ROS package in '/mnt/c/Users/Inteli/Documents/GitHub/Inspectron/src/ROSsimulation/ros2_ws/src/turtlesimulation' with build type 'ament_python'
[3.520s] Level 1:colcon.colcon_core.shell:create_environment_hook('turtlesimulation', 'ament_prefix_path')
[3.563s] INFO:colcon.colcon_core.plugin_system:Skipping extension 'colcon_core.shell.bat': Not used on non-Windows systems
[3.566s] INFO:colcon.colcon_core.shell:Creating environment hook '/mnt/c/Users/Inteli/Documents/GitHub/Inspectron/src/ROSsimulation/ros2_ws/install/turtlesimulation/share/turtlesimulation/hook/ament_prefix_path.ps1'
[3.661s] INFO:colcon.colcon_core.shell:Creating environment descriptor '/mnt/c/Users/Inteli/Documents/GitHub/Inspectron/src/ROSsimulation/ros2_ws/install/turtlesimulation/share/turtlesimulation/hook/ament_prefix_path.dsv'
[3.745s] INFO:colcon.colcon_core.shell:Creating environment hook '/mnt/c/Users/Inteli/Documents/GitHub/Inspectron/src/ROSsimulation/ros2_ws/install/turtlesimulation/share/turtlesimulation/hook/ament_prefix_path.sh'
[3.839s] INFO:colcon.colcon_core.shell:Skip shell extension 'powershell' for command environment: Not usable outside of PowerShell
[3.843s] DEBUG:colcon.colcon_core.shell:Skip shell extension 'dsv' for command environment
[6.639s] INFO:colcon.colcon_core.task.python.build:Building Python package in '/mnt/c/Users/Inteli/Documents/GitHub/Inspectron/src/ROSsimulation/ros2_ws/src/turtlesimulation'
[6.642s] INFO:colcon.colcon_core.shell:Skip shell extension 'powershell' for command environment: Not usable outside of PowerShell
[6.643s] DEBUG:colcon.colcon_core.shell:Skip shell extension 'dsv' for command environment
[12.057s] DEBUG:colcon.colcon_core.event_handler.log_command:Invoking command in '/mnt/c/Users/Inteli/Documents/GitHub/Inspectron/src/ROSsimulation/ros2_ws/src/turtlesimulation': PYTHONPATH=/mnt/c/Users/Inteli/Documents/GitHub/Inspectron/src/ROSsimulation/ros2_ws/build/turtlesimulation/prefix_override:/mnt/c/Users/Inteli/Documents/GitHub/Inspectron/src/ROSsimulation/ros2_ws/install/turtlesimulation/lib/python3.10/site-packages:${PYTHONPATH} /usr/bin/python3 setup.py egg_info --egg-base ../../build/turtlesimulation build --build-base /mnt/c/Users/Inteli/Documents/GitHub/Inspectron/src/ROSsimulation/ros2_ws/build/turtlesimulation/build install --record /mnt/c/Users/Inteli/Documents/GitHub/Inspectron/src/ROSsimulation/ros2_ws/build/turtlesimulation/install.log --single-version-externally-managed
[19.584s] DEBUG:colcon.colcon_core.event_handler.log_command:Invoked command in '/mnt/c/Users/Inteli/Documents/GitHub/Inspectron/src/ROSsimulation/ros2_ws/src/turtlesimulation' returned '0': PYTHONPATH=/mnt/c/Users/Inteli/Documents/GitHub/Inspectron/src/ROSsimulation/ros2_ws/build/turtlesimulation/prefix_override:/mnt/c/Users/Inteli/Documents/GitHub/Inspectron/src/ROSsimulation/ros2_ws/install/turtlesimulation/lib/python3.10/site-packages:${PYTHONPATH} /usr/bin/python3 setup.py egg_info --egg-base ../../build/turtlesimulation build --build-base /mnt/c/Users/Inteli/Documents/GitHub/Inspectron/src/ROSsimulation/ros2_ws/build/turtlesimulation/build install --record /mnt/c/Users/Inteli/Documents/GitHub/Inspectron/src/ROSsimulation/ros2_ws/build/turtlesimulation/install.log --single-version-externally-managed
[19.637s] Level 1:colcon.colcon_core.environment:checking '/mnt/c/Users/Inteli/Documents/GitHub/Inspectron/src/ROSsimulation/ros2_ws/install/turtlesimulation' for CMake module files
[19.955s] Level 1:colcon.colcon_core.environment:checking '/mnt/c/Users/Inteli/Documents/GitHub/Inspectron/src/ROSsimulation/ros2_ws/install/turtlesimulation' for CMake config files
[20.458s] Level 1:colcon.colcon_core.environment:checking '/mnt/c/Users/Inteli/Documents/GitHub/Inspectron/src/ROSsimulation/ros2_ws/install/turtlesimulation/lib'
[20.487s] Level 1:colcon.colcon_core.environment:checking '/mnt/c/Users/Inteli/Documents/GitHub/Inspectron/src/ROSsimulation/ros2_ws/install/turtlesimulation/bin'
[20.499s] Level 1:colcon.colcon_core.environment:checking '/mnt/c/Users/Inteli/Documents/GitHub/Inspectron/src/ROSsimulation/ros2_ws/install/turtlesimulation/lib/pkgconfig/turtlesimulation.pc'
[20.509s] Level 1:colcon.colcon_core.environment:checking '/mnt/c/Users/Inteli/Documents/GitHub/Inspectron/src/ROSsimulation/ros2_ws/install/turtlesimulation/lib/python3.10/site-packages'
[20.521s] Level 1:colcon.colcon_core.shell:create_environment_hook('turtlesimulation', 'pythonpath')
[20.528s] INFO:colcon.colcon_core.shell:Creating environment hook '/mnt/c/Users/Inteli/Documents/GitHub/Inspectron/src/ROSsimulation/ros2_ws/install/turtlesimulation/share/turtlesimulation/hook/pythonpath.ps1'
[20.619s] INFO:colcon.colcon_core.shell:Creating environment descriptor '/mnt/c/Users/Inteli/Documents/GitHub/Inspectron/src/ROSsimulation/ros2_ws/install/turtlesimulation/share/turtlesimulation/hook/pythonpath.dsv'
[20.711s] INFO:colcon.colcon_core.shell:Creating environment hook '/mnt/c/Users/Inteli/Documents/GitHub/Inspectron/src/ROSsimulation/ros2_ws/install/turtlesimulation/share/turtlesimulation/hook/pythonpath.sh'
[20.807s] Level 1:colcon.colcon_core.environment:checking '/mnt/c/Users/Inteli/Documents/GitHub/Inspectron/src/ROSsimulation/ros2_ws/install/turtlesimulation/bin'
[20.820s] Level 1:colcon.colcon_core.environment:create_environment_scripts_only(turtlesimulation)
[20.824s] INFO:colcon.colcon_core.shell:Creating package script '/mnt/c/Users/Inteli/Documents/GitHub/Inspectron/src/ROSsimulation/ros2_ws/install/turtlesimulation/share/turtlesimulation/package.ps1'
[20.901s] INFO:colcon.colcon_core.shell:Creating package descriptor '/mnt/c/Users/Inteli/Documents/GitHub/Inspectron/src/ROSsimulation/ros2_ws/install/turtlesimulation/share/turtlesimulation/package.dsv'
[20.989s] INFO:colcon.colcon_core.shell:Creating package script '/mnt/c/Users/Inteli/Documents/GitHub/Inspectron/src/ROSsimulation/ros2_ws/install/turtlesimulation/share/turtlesimulation/package.sh'
[21.059s] INFO:colcon.colcon_core.shell:Creating package script '/mnt/c/Users/Inteli/Documents/GitHub/Inspectron/src/ROSsimulation/ros2_ws/install/turtlesimulation/share/turtlesimulation/package.bash'
[21.123s] INFO:colcon.colcon_core.shell:Creating package script '/mnt/c/Users/Inteli/Documents/GitHub/Inspectron/src/ROSsimulation/ros2_ws/install/turtlesimulation/share/turtlesimulation/package.zsh'
[21.196s] Level 1:colcon.colcon_core.environment:create_file_with_runtime_dependencies(/mnt/c/Users/Inteli/Documents/GitHub/Inspectron/src/ROSsimulation/ros2_ws/install/turtlesimulation/share/colcon-core/packages/turtlesimulation)
[21.257s] DEBUG:colcon.colcon_parallel_executor.executor.parallel:closing loop
[21.258s] DEBUG:colcon.colcon_parallel_executor.executor.parallel:loop closed
[21.260s] DEBUG:colcon.colcon_parallel_executor.executor.parallel:run_until_complete finished with '0'
[21.260s] DEBUG:colcon.colcon_core.event_reactor:joining thread
[21.425s] INFO:colcon.colcon_core.plugin_system:Skipping extension 'colcon_notification.desktop_notification.notify_send': Could not find 'notify-send'
[21.426s] INFO:colcon.colcon_core.plugin_system:Skipping extension 'colcon_notification.desktop_notification.terminal_notifier': Not used on non-Darwin systems
[21.427s] INFO:colcon.colcon_core.plugin_system:Skipping extension 'colcon_notification.desktop_notification.win32': Not used on non-Windows systems
[21.429s] INFO:colcon.colcon_notification.desktop_notification:Sending desktop notification using 'notify2'
[21.431s] DEBUG:colcon.colcon_notification.desktop_notification.notify2:Failed to initialize notify2: org.freedesktop.DBus.Error.FileNotFound: Failed to connect to socket /run/user/1000/bus: No such file or directory
[21.432s] DEBUG:colcon.colcon_core.event_reactor:joined thread
[21.436s] INFO:colcon.colcon_core.shell:Creating prefix script '/mnt/c/Users/Inteli/Documents/GitHub/Inspectron/src/ROSsimulation/ros2_ws/install/local_setup.ps1'
[21.489s] INFO:colcon.colcon_core.shell:Creating prefix util module '/mnt/c/Users/Inteli/Documents/GitHub/Inspectron/src/ROSsimulation/ros2_ws/install/_local_setup_util_ps1.py'
[21.563s] INFO:colcon.colcon_core.shell:Creating prefix chain script '/mnt/c/Users/Inteli/Documents/GitHub/Inspectron/src/ROSsimulation/ros2_ws/install/setup.ps1'
[21.658s] INFO:colcon.colcon_core.shell:Creating prefix script '/mnt/c/Users/Inteli/Documents/GitHub/Inspectron/src/ROSsimulation/ros2_ws/install/local_setup.sh'
[21.690s] INFO:colcon.colcon_core.shell:Creating prefix util module '/mnt/c/Users/Inteli/Documents/GitHub/Inspectron/src/ROSsimulation/ros2_ws/install/_local_setup_util_sh.py'
[21.723s] INFO:colcon.colcon_core.shell:Creating prefix chain script '/mnt/c/Users/Inteli/Documents/GitHub/Inspectron/src/ROSsimulation/ros2_ws/install/setup.sh'
[21.795s] INFO:colcon.colcon_core.shell:Creating prefix script '/mnt/c/Users/Inteli/Documents/GitHub/Inspectron/src/ROSsimulation/ros2_ws/install/local_setup.bash'
[21.827s] INFO:colcon.colcon_core.shell:Creating prefix chain script '/mnt/c/Users/Inteli/Documents/GitHub/Inspectron/src/ROSsimulation/ros2_ws/install/setup.bash'
[21.895s] INFO:colcon.colcon_core.shell:Creating prefix script '/mnt/c/Users/Inteli/Documents/GitHub/Inspectron/src/ROSsimulation/ros2_ws/install/local_setup.zsh'
[21.924s] INFO:colcon.colcon_core.shell:Creating prefix chain script '/mnt/c/Users/Inteli/Documents/GitHub/Inspectron/src/ROSsimulation/ros2_ws/install/setup.zsh'
